<?xml version="1.0" encoding="UTF-8"?>
<!-- Generated by org.testng.reporters.JUnitXMLReporter -->
<testsuite ignored="0" hostname="Saurabh-11" failures="1" tests="1" name="Test1_firefox" time="4.098" errors="0" timestamp="2023-01-24T17:47:31 IST">
  <testcase classname="TestNg_2.MultibrowserTesting_2" name="TC" time="4.012">
    <failure type="java.lang.IllegalStateException" message="The path to the driver executable The path to the driver executable must be set by the webdriver.gecko.driver system property; for more information, see https://github.com/mozilla/geckodriver. The latest version can be downloaded from https://github.com/mozilla/geckodriver/releases">
      <![CDATA[java.lang.IllegalStateException: The path to the driver executable The path to the driver executable must be set by the webdriver.gecko.driver system property; for more information, see https://github.com/mozilla/geckodriver. The latest version can be downloaded from https://github.com/mozilla/geckodriver/releases
at org.openqa.selenium.internal.Require$StateChecker.nonNull(Require.java:314)
at org.openqa.selenium.remote.service.DriverService.findExecutable(DriverService.java:148)
at org.openqa.selenium.firefox.GeckoDriverService.access$100(GeckoDriverService.java:45)
at org.openqa.selenium.firefox.GeckoDriverService$Builder.findDefaultExecutable(GeckoDriverService.java:181)
at org.openqa.selenium.remote.service.DriverService$Builder.build(DriverService.java:450)
at org.openqa.selenium.firefox.GeckoDriverService.createDefaultService(GeckoDriverService.java:94)
at org.openqa.selenium.firefox.FirefoxDriver.<init>(FirefoxDriver.java:99)
at org.openqa.selenium.firefox.FirefoxDriver.<init>(FirefoxDriver.java:95)
at TestNg_2.MultibrowserTesting_2.TC(MultibrowserTesting_2.java:23)
at java.base/java.util.ArrayList.forEach(ArrayList.java:1511)
... Removed 27 stack frames]]>
    </failure>
  </testcase> <!-- TC -->
</testsuite> <!-- Test1_firefox -->
