<?xml version="1.0" encoding="UTF-8"?>
<!-- Generated by org.testng.reporters.JUnitXMLReporter -->
<testsuite ignored="0" hostname="Saurabh-11" failures="0" tests="6" name="Test" time="0.23" errors="0" timestamp="2023-02-01T23:20:13 IST">
  <testcase classname="TestNg.example6_sample_1" name="TC1" time="0.027"/>
  <testcase classname="TestNg.example6_sample_2" name="TC4" time="0.027"/>
  <testcase classname="TestNg.example6_sample_1" name="TC2" time="0.003"/>
  <testcase classname="TestNg.example6_sample_2" name="TC5" time="0.017"/>
  <testcase classname="TestNg.example6_sample_2" name="TC6" time="0.002"/>
  <testcase classname="TestNg.example6_sample_1" name="TC3" time="0.009"/>
</testsuite> <!-- Test -->
