<?xml version="1.0" encoding="UTF-8"?>
<!-- Generated by org.testng.reporters.JUnitXMLReporter -->
<testsuite ignored="2" hostname="Saurabh-11" failures="1" tests="1" name="Default test(failed)(failed)" time="34.411" errors="0" timestamp="2023-01-27T13:04:54 IST">
  <testcase classname="POM_DDF_TestNG_BaseClass_UtilityClass_captureSS.SwagLabLoginTest_4" name="getremovetext" time="2.371">
    <failure type="java.lang.AssertionError" message="failed both are diff expected [secret_sauce] but found [REMOVE]">
      <![CDATA[java.lang.AssertionError: failed both are diff expected [secret_sauce] but found [REMOVE]
at POM_DDF_TestNG_BaseClass_UtilityClass_captureSS.SwagLabLoginTest_4.getremovetext(SwagLabLoginTest_4.java:66)
at java.base/java.util.ArrayList.forEach(ArrayList.java:1511)
... Removed 32 stack frames]]>
    </failure>
  </testcase> <!-- getremovetext -->
  <testcase classname="POM_DDF_TestNG_BaseClass_UtilityClass_captureSS.SwagLabLoginTest_4" name="verifylogo" time="0.0">
    <ignored/>
  </testcase> <!-- verifylogo -->
  <testcase classname="POM_DDF_TestNG_BaseClass_UtilityClass_captureSS.SwagLabLoginTest_4" name="getscreenshot" time="0.0">
    <ignored/>
  </testcase> <!-- getscreenshot -->
</testsuite> <!-- Default test(failed)(failed) -->
