<?xml version="1.0" encoding="UTF-8"?>
<!-- Generated by org.testng.reporters.JUnitXMLReporter -->
<testsuite ignored="2" hostname="Saurabh-11" failures="0" tests="1" name="Default test(failed)(failed)(failed)" time="24.262" errors="0" timestamp="2023-01-27T13:05:56 IST">
  <testcase classname="POM_DDF_TestNG_BaseClass_UtilityClass_captureSS.SwagLabLoginTest_4" name="getremovetext" time="2.375"/>
  <testcase classname="POM_DDF_TestNG_BaseClass_UtilityClass_captureSS.SwagLabLoginTest_4" name="verifylogo" time="0.0">
    <ignored/>
  </testcase> <!-- verifylogo -->
  <testcase classname="POM_DDF_TestNG_BaseClass_UtilityClass_captureSS.SwagLabLoginTest_4" name="getscreenshot" time="0.0">
    <ignored/>
  </testcase> <!-- getscreenshot -->
</testsuite> <!-- Default test(failed)(failed)(failed) -->
