<?xml version="1.0" encoding="UTF-8"?>
<!-- Generated by org.testng.reporters.JUnitXMLReporter -->
<testsuite ignored="2" hostname="Saurabh-11" failures="0" tests="1" name="Test(failed)(failed)(failed)" time="0.104" errors="0" timestamp="2023-01-20T11:31:00 IST">
  <testcase classname="TestNg_1.example9_demo2" name="TC6" time="0.014"/>
  <testcase classname="TestNg_1.example9_demo2" name="TC5" time="0.0">
    <ignored/>
  </testcase> <!-- TC5 -->
  <testcase classname="TestNg_1.example9_demo2" name="TC4" time="0.0">
    <ignored/>
  </testcase> <!-- TC4 -->
</testsuite> <!-- Test(failed)(failed)(failed) -->
